<?xml version="1.0" encoding="UTF-8"?>
<testsuite xmlns:xsi="http://www.w3.org/2001/XMLSchema-instance" xsi:noNamespaceSchemaLocation="https://maven.apache.org/surefire/maven-surefire-plugin/xsd/surefire-test-report-3.0.xsd" version="3.0" name="com.siby.SpringBootAuth2GithubApplicationTests" time="5.258" tests="1" errors="0" skipped="0" failures="0">
  <properties>
[...]
</properties>
  <testcase name="contextLoads" classname="com.siby.SpringBootAuth2GithubApplicationTests" time="1.293">
    <system-out><![CDATA[12:16:31.279 [main] INFO org.springframework.test.context.support.AnnotationConfigContextLoaderUtils -- Could not detect default configuration classes for test class [com.siby.SpringBootAuth2GithubApplicationTests]: SpringBootAuth2GithubApplicationTests does not declare any static, non-private, non-final, nested classes annotated with @Configuration.
12:16:31.418 [main] INFO org.springframework.boot.test.context.SpringBootTestContextBootstrapper -- Found @SpringBootConfiguration com.siby.SpringBootAuth2GithubApplication for test class com.siby.SpringBootAuth2GithubApplicationTests
12:16:31.636 [main] INFO org.springframework.boot.devtools.restart.RestartApplicationListener -- Restart disabled due to context in which it is running

  .   ____          _            __ _ _
 /\\ / ___'_ __ _ _(_)_ __  __ _ \ \ \ \
( ( )\___ | '_ | '_| | '_ \/ _` | \ \ \ \
 \\/  ___)| |_)| | | | | || (_| |  ) ) ) )
  '  |____| .__|_| |_|_| |_\__, | / / / /
 =========|_|==============|___/=/_/_/_/
 :: Spring Boot ::                (v3.2.3)

2024-03-14T12:16:32.059Z  INFO 7560 --- [SpringBootAuth2_Github] [           main] .s.SpringBootAuth2GithubApplicationTests : Starting SpringBootAuth2GithubApplicationTests using Java 17.0.9 with PID 7560 (started by STAGIAIRE in C:\Users\STAGIAIRE\Documents\workspace-spring-tool-suite-4-4.21.0.RELEASE\SpringBootAuth2_Github)
2024-03-14T12:16:32.061Z  INFO 7560 --- [SpringBootAuth2_Github] [           main] .s.SpringBootAuth2GithubApplicationTests : No active profile set, falling back to 1 default profile: "default"
2024-03-14T12:16:34.559Z  INFO 7560 --- [SpringBootAuth2_Github] [           main] o.s.s.web.DefaultSecurityFilterChain     : Will secure any request with [org.springframework.security.web.session.DisableEncodeUrlFilter@78b7f805, org.springframework.security.web.context.request.async.WebAsyncManagerIntegrationFilter@58f2466c, org.springframework.security.web.context.SecurityContextHolderFilter@1e54a6b1, org.springframework.security.web.header.HeaderWriterFilter@7d4d8579, org.springframework.web.filter.CorsFilter@5809fa26, org.springframework.security.web.csrf.CsrfFilter@5190010f, org.springframework.security.web.authentication.logout.LogoutFilter@11381415, org.springframework.security.oauth2.client.web.OAuth2AuthorizationRequestRedirectFilter@125d47c4, org.springframework.security.oauth2.client.web.OAuth2LoginAuthenticationFilter@20801cbb, org.springframework.security.web.authentication.ui.DefaultLoginPageGeneratingFilter@2f20f7ad, org.springframework.security.web.authentication.ui.DefaultLogoutPageGeneratingFilter@64763e49, org.springframework.security.web.savedrequest.RequestCacheAwareFilter@3b24087d, org.springframework.security.web.servletapi.SecurityContextHolderAwareRequestFilter@75fe1619, org.springframework.security.web.authentication.AnonymousAuthenticationFilter@23468512, org.springframework.security.web.access.ExceptionTranslationFilter@78a8978a, org.springframework.security.web.access.intercept.AuthorizationFilter@2ac519dc]
2024-03-14T12:16:34.985Z  INFO 7560 --- [SpringBootAuth2_Github] [           main] .s.SpringBootAuth2GithubApplicationTests : Started SpringBootAuth2GithubApplicationTests in 3.361 seconds (process running for 4.684)
]]></system-out>
  </testcase>
</testsuite>